Log file open, 10/14/18 16:35:54
LogWindows: Failed to load 'aqProf.dll' (GetLastError=126)
LogWindows: File 'aqProf.dll' does not exist
LogWindows: Failed to load 'VSPerf140.dll' (GetLastError=126)
LogWindows: File 'VSPerf140.dll' does not exist
LogWindows: Failed to load 'VtuneApi.dll' (GetLastError=126)
LogWindows: File 'VtuneApi.dll' does not exist
LogWindows: Failed to load 'VtuneApi32e.dll' (GetLastError=126)
LogWindows: File 'VtuneApi32e.dll' does not exist
LogInit: Display: Running engine for game: A2DGame
LogPlatformFile: Not using cached read wrapper
LogTaskGraph: Started task graph with 5 named threads and 11 total threads with 3 sets of task threads.
LogStats: Stats thread started at 4.351107
LogD3D11RHI: Loaded GFSDK_Aftermath_Lib.x64.dll
LogICUInternationalization: Display: ICU TimeZone Detection - Raw Offset: -5:00, Platform Override: ''
LogPluginManager: Mounting plugin Paper2D
LogPluginManager: Mounting plugin AISupport
LogPluginManager: Mounting plugin LightPropagationVolume
LogPluginManager: Mounting plugin CLionSourceCodeAccess
LogPluginManager: Mounting plugin CodeLiteSourceCodeAccess
LogPluginManager: Mounting plugin GitSourceControl
LogPluginManager: Mounting plugin KDevelopSourceCodeAccess
LogPluginManager: Mounting plugin NullSourceCodeAccess
LogPluginManager: Mounting plugin PerforceSourceControl
LogPluginManager: Mounting plugin SubversionSourceControl
LogPluginManager: Mounting plugin UObjectPlugin
LogPluginManager: Mounting plugin VisualStudioCodeSourceCodeAccess
LogPluginManager: Mounting plugin VisualStudioSourceCodeAccess
LogPluginManager: Mounting plugin XCodeSourceCodeAccess
LogPluginManager: Mounting plugin AssetManagerEditor
LogPluginManager: Mounting plugin CryptoKeys
LogPluginManager: Mounting plugin DataValidation
LogPluginManager: Mounting plugin FacialAnimation
LogPluginManager: Mounting plugin GameplayTagsEditor
LogPluginManager: Mounting plugin MacGraphicsSwitching
LogPluginManager: Mounting plugin MeshEditor
LogPluginManager: Mounting plugin MobileLauncherProfileWizard
LogPluginManager: Mounting plugin PluginBrowser
LogPluginManager: Mounting plugin SpeedTreeImporter
LogPluginManager: Mounting plugin DatasmithContent
LogPluginManager: Mounting plugin AlembicImporter
LogPluginManager: Mounting plugin AppleImageUtils
LogPluginManager: Mounting plugin AppleVision
LogPluginManager: Mounting plugin BackChannel
LogPluginManager: Mounting plugin CharacterAI
LogPluginManager: Mounting plugin GeometryCache
LogPluginManager: Mounting plugin HTML5Networking
LogPluginManager: Mounting plugin ProxyLODPlugin
LogPluginManager: Mounting plugin MagicLeap
LogPluginManager: Mounting plugin MagicLeapEmulator
LogPluginManager: Mounting plugin MagicLeapMedia
LogPluginManager: Mounting plugin AndroidMedia
LogPluginManager: Mounting plugin AvfMedia
LogPluginManager: Mounting plugin ImgMedia
LogPluginManager: Mounting plugin LinearTimecode
LogPluginManager: Mounting plugin MediaCompositing
LogPluginManager: Mounting plugin MediaPlayerEditor
LogPluginManager: Mounting plugin WmfMedia
LogPluginManager: Mounting plugin TcpMessaging
LogPluginManager: Mounting plugin UdpMessaging
LogPluginManager: Mounting plugin ActorSequence
LogPluginManager: Mounting plugin LevelSequenceEditor
LogPluginManager: Mounting plugin MatineeToLevelSequence
LogPluginManager: Mounting plugin NetcodeUnitTest
LogPluginManager: Mounting plugin NUTUnrealEngine4
LogPluginManager: Mounting plugin OnlineSubsystemGooglePlay
LogPluginManager: Mounting plugin OnlineSubsystemIOS
LogPluginManager: Mounting plugin OnlineSubsystem
LogPluginManager: Mounting plugin OnlineSubsystemNull
LogPluginManager: Mounting plugin OnlineSubsystemUtils
LogPluginManager: Mounting plugin LauncherChunkInstaller
LogPluginManager: Mounting plugin AndroidDeviceProfileSelector
LogPluginManager: Mounting plugin AndroidMoviePlayer
LogPluginManager: Mounting plugin AndroidPermission
LogPluginManager: Mounting plugin AppleMoviePlayer
LogPluginManager: Mounting plugin ArchVisCharacter
LogPluginManager: Mounting plugin AudioCapture
LogPluginManager: Mounting plugin CableComponent
LogPluginManager: Mounting plugin CustomMeshComponent
LogPluginManager: Mounting plugin EditableMesh
LogPluginManager: Mounting plugin ExampleDeviceProfileSelector
LogPluginManager: Mounting plugin GoogleCloudMessaging
LogPluginManager: Mounting plugin ImmediatePhysics
LogPluginManager: Mounting plugin IOSDeviceProfileSelector
LogPluginManager: Mounting plugin LinuxDeviceProfileSelector
LogPluginManager: Mounting plugin LocationServicesBPLibrary
LogPluginManager: Mounting plugin MobilePatchingUtils
LogPluginManager: Mounting plugin OculusVR
LogPluginManager: Plugin shader directory ../../../Engine/Plugins/Runtime/Oculus/OculusVR/Shaders found
LogPluginManager: Mapping shader source directory ../../../Engine/Plugins/Runtime/Oculus/OculusVR/Shaders to virtual directory /Plugin/OculusVR
LogPluginManager: Mounting plugin PhysXVehicles
LogPluginManager: Mounting plugin ProceduralMeshComponent
LogPluginManager: Mounting plugin RuntimePhysXCooking
LogPluginManager: Mounting plugin SteamVR
LogPluginManager: Mounting plugin WindowsMoviePlayer
LogStreaming: Display: Took  0.939s to configure plugins.
LogInit: Using libcurl 7.55.1-DEV
LogInit:  - built for x86_64-pc-win32
LogInit:  - supports SSL with OpenSSL/1.0.2h
LogInit:  - supports HTTP deflate (compression) using libz 1.2.8
LogInit:  - other features:
LogInit:      CURL_VERSION_SSL
LogInit:      CURL_VERSION_LIBZ
LogInit:      CURL_VERSION_IPV6
LogInit:      CURL_VERSION_ASYNCHDNS
LogInit:      CURL_VERSION_LARGEFILE
LogInit:      CURL_VERSION_IDN
LogInit:  CurlRequestOptions (configurable via config and command line):
LogInit:  - bVerifyPeer = false  - Libcurl will NOT verify peer certificate
LogInit:  - bUseHttpProxy = false  - Libcurl will NOT use HTTP proxy
LogInit:  - bDontReuseConnections = false  - Libcurl will reuse connections
LogInit:  - CertBundlePath = nullptr  - Libcurl will use whatever was configured at build time.
LogInit:  - MaxHostConnections = 16  - Libcurl will limit the number of connections to a host
LogInit:  - LocalHostAddr = Default
LogInit:  - BufferSize = 65536
LogInit: WinSock: version 1.1 (2.2), MaxSocks=32767, MaxUdp=65467
LogInit: Build: ++UE4+Release-4.20-CL-4369336
LogInit: Engine Version: 4.20.3-4369336+++UE4+Release-4.20
LogInit: Compatible Engine Version: 4.20.0-4212847+++UE4+Release-4.20
LogInit: Net CL: 4212847
LogInit: OS: Windows 10 (), CPU: Intel(R) Pentium(R) CPU 4405U @ 2.10GHz, GPU: Intel(R) HD Graphics 510
LogInit: Compiled (64-bit): Sep 17 2018 12:26:19
LogInit: Compiled with Visual C++: 19.13.26129.00
LogInit: Build Configuration: Development
LogInit: Branch Name: ++UE4+Release-4.20
LogInit: Command Line: -EpicPortal 
LogInit: Base Directory: C:/Program Files/Epic Games/UE_4.20/Engine/Binaries/Win64/
LogInit: Installed Engine Build: 1
LogDevObjectVersion: Number of dev versions registered: 20
LogDevObjectVersion:   Dev-Blueprints (B0D832E4-1F89-4F0D-ACCF-7EB736FD4AA2): 10
LogDevObjectVersion:   Dev-Build (E1C64328-A22C-4D53-A36C-8E866417BD8C): 0
LogDevObjectVersion:   Dev-Core (375EC13C-06E4-48FB-B500-84F0262A717E): 2
LogDevObjectVersion:   Dev-Editor (E4B068ED-F494-42E9-A231-DA0B2E46BB41): 24
LogDevObjectVersion:   Dev-Framework (CFFC743F-43B0-4480-9391-14DF171D2073): 34
LogDevObjectVersion:   Dev-Mobile (B02B49B5-BB20-44E9-A304-32B752E40360): 2
LogDevObjectVersion:   Dev-Networking (A4E4105C-59A1-49B5-A7C5-40C4547EDFEE): 0
LogDevObjectVersion:   Dev-Online (39C831C9-5AE6-47DC-9A44-9C173E1C8E7C): 0
LogDevObjectVersion:   Dev-Physics (78F01B33-EBEA-4F98-B9B4-84EACCB95AA2): 0
LogDevObjectVersion:   Dev-Platform (6631380F-2D4D-43E0-8009-CF276956A95A): 0
LogDevObjectVersion:   Dev-Rendering (12F88B9F-8875-4AFC-A67C-D90C383ABD29): 26
LogDevObjectVersion:   Dev-Sequencer (7B5AE74C-D270-4C10-A958-57980B212A5A): 9
LogDevObjectVersion:   Dev-VR (D7296918-1DD6-4BDD-9DE2-64A83CC13884): 2
LogDevObjectVersion:   Dev-LoadTimes (C2A15278-BFE7-4AFE-6C17-90FF531DF755): 1
LogDevObjectVersion:   Private-Geometry (6EACA3D4-40EC-4CC1-B786-8BED09428FC5): 3
LogDevObjectVersion:   Dev-AnimPhys (29E575DD-E0A3-4627-9D10-D276232CDCEA): 17
LogDevObjectVersion:   Dev-ReflectionCapture (6B266CEC-1EC7-4B8F-A30B-E4D90942FC07): 1
LogDevObjectVersion:   Dev-Automation (0DF73D61-A23F-47EA-B727-89E90C41499A): 1
LogDevObjectVersion:   FortniteMain (601D1886-AC64-4F84-AA16-D3DE0DEAC7D6): 12
LogDevObjectVersion:   Dev-Enterprise (9DFFBCD6-494F-0158-E221-12823C92A888): 1
LogStreaming: Display: Took  0.000s to delete old logs.
LogInit: Presizing for max 8388607 objects, including 0 objects not considered by GC, pre-allocating 0 bytes for permanent pool.
LogInit: Object subsystem initialized
[2018.10.14-20.35.57:443][  0]LogInit: Selected Device Profile: [Windows]
[2018.10.14-20.35.57:443][  0]LogInit: Applying CVar settings loaded from the selected device profile: [Windows]
[2018.10.14-20.35.57:599][  0]LogHAL: Display: Platform has ~ 4 GB [4141621248 / 4294967296 / 4], which maps to Smallest [LargestMinGB=32, LargerMinGB=12, DefaultMinGB=8, SmallerMinGB=6, SmallestMinGB=0)
[2018.10.14-20.35.57:600][  0]LogInit: Setting Device Profile CVar: [[r.Vulkan.UseRealUBs:1]]
[2018.10.14-20.35.57:600][  0]LogInit: Going up to parent DeviceProfile []
[2018.10.14-20.35.57:624][  0]LogInit: Computer: DESKTOP-26KIU94
[2018.10.14-20.35.57:624][  0]LogInit: User: Ethan
[2018.10.14-20.35.57:624][  0]LogInit: CPU Page size=4096, Cores=2
[2018.10.14-20.35.57:624][  0]LogInit: High frequency timer resolution =2.062499 MHz
[2018.10.14-20.35.57:624][  0]LogMemory: Memory total: Physical=3.9GB (4GB approx)
[2018.10.14-20.35.57:624][  0]LogMemory: Platform Memory Stats for Windows
[2018.10.14-20.35.57:624][  0]LogMemory: Process Physical Memory: 99.45 MB used, 99.45 MB peak
[2018.10.14-20.35.57:624][  0]LogMemory: Process Virtual Memory: 83.97 MB used, 83.97 MB peak
[2018.10.14-20.35.57:624][  0]LogMemory: Physical Memory: 2889.39 MB used,  1060.36 MB free, 3949.76 MB total
[2018.10.14-20.35.57:624][  0]LogMemory: Virtual Memory: 4621.12 MB used,  1060.36 MB free, 134217728.00 MB total
[2018.10.14-20.35.58:562][  0]LogInit: Using OS detected language (en-US).
[2018.10.14-20.35.58:562][  0]LogInit: Using OS detected locale (en-US).
[2018.10.14-20.35.58:613][  0]LogTextLocalizationManager: No specific localization for 'en-US' exists, so the 'en' localization will be used.
[2018.10.14-20.36.00:008][  0]LogStreaming: Display: Took  1.446s to InitEngineTextLocalization.
[2018.10.14-20.36.00:008][  0]LogInit: Setting process to per monitor DPI aware
[2018.10.14-20.36.00:565][  0]LogSlate: New Slate User Created.  User Index 0, Is Virtual User: 0
[2018.10.14-20.36.00:565][  0]LogSlate: Slate User Registered.  User Index 0, Is Virtual User: 0
[2018.10.14-20.36.08:759][  0]LogHMD: Failed to initialize OpenVR with code 110
[2018.10.14-20.36.08:759][  0]LogD3D11RHI: D3D11 adapters:
[2018.10.14-20.36.09:042][  0]LogD3D11RHI:    0. 'Intel(R) HD Graphics 510' (Feature Level 11_0)
[2018.10.14-20.36.09:042][  0]LogD3D11RHI:       128/0/1974 MB DedicatedVideo/DedicatedSystem/SharedSystem, Outputs:1, VendorId:0x8086
[2018.10.14-20.36.09:176][  0]LogD3D11RHI:    1. 'Microsoft Basic Render Driver' (Feature Level 11_0)
[2018.10.14-20.36.09:176][  0]LogD3D11RHI:       0/0/1974 MB DedicatedVideo/DedicatedSystem/SharedSystem, Outputs:0, VendorId:0x1414
[2018.10.14-20.36.09:176][  0]LogD3D11RHI: Chosen D3D11 Adapter: 0
[2018.10.14-20.36.09:183][  0]LogD3D11RHI: Creating new Direct3DDevice
[2018.10.14-20.36.09:183][  0]LogD3D11RHI:     GPU DeviceId: 0x1906 (for the marketing name, search the web for "GPU Device Id")
[2018.10.14-20.36.09:183][  0]LogWindows: EnumDisplayDevices:
[2018.10.14-20.36.09:184][  0]LogWindows:    0. 'Intel(R) HD Graphics 510' (P:1 D:1)
[2018.10.14-20.36.09:185][  0]LogWindows:    1. 'Intel(R) HD Graphics 510' (P:0 D:0)
[2018.10.14-20.36.09:186][  0]LogWindows:    2. 'Intel(R) HD Graphics 510' (P:0 D:0)
[2018.10.14-20.36.09:186][  0]LogWindows: DebugString: FoundDriverCount:3 
[2018.10.14-20.36.09:186][  0]LogD3D11RHI:     Adapter Name: Intel(R) HD Graphics 510
[2018.10.14-20.36.09:186][  0]LogD3D11RHI:   Driver Version: 23.20.16.4973 (internal:23.20.16.4973, unified:23.20.16.4973)
[2018.10.14-20.36.09:186][  0]LogD3D11RHI:      Driver Date: 2-28-2018
[2018.10.14-20.36.09:186][  0]LogRHI: Texture pool is 780 MB (70% of 1115 MB)
[2018.10.14-20.36.09:212][  0]LogD3D11RHI: Async texture creation enabled
[2018.10.14-20.36.09:257][  0]LogD3D11RHI: GPU Timing Frequency: 12.000048 (Debug: 2 0)
[2018.10.14-20.36.09:270][  0]LogShaderCompilers: Guid format shader working directory is -18 characters bigger than the processId version (../../../../../../Users/Ethan/Documents/RPGGame/RPGGame/A2DGame/Intermediate/Shaders/WorkingDirectory/10388/).
[2018.10.14-20.36.09:270][  0]LogShaderCompilers: Cleaned the shader compiler working directory 'C:/Users/Ethan/AppData/Local/Temp/UnrealShaderWorkingDir/ECC230814F8FEE6001CE26BB1C0B4B62/'.
[2018.10.14-20.36.12:004][  0]LogTemp: Display: Loaded TP AllDesktopTargetPlatform
[2018.10.14-20.36.12:039][  0]LogTemp: Display: Loaded TP MacClientTargetPlatform
[2018.10.14-20.36.12:075][  0]LogTemp: Display: Loaded TP MacNoEditorTargetPlatform
[2018.10.14-20.36.12:112][  0]LogTemp: Display: Loaded TP MacServerTargetPlatform
[2018.10.14-20.36.12:249][  0]LogTemp: Display: Loaded TP MacTargetPlatform
[2018.10.14-20.36.12:298][  0]LogTemp: Display: Loaded TP WindowsClientTargetPlatform
[2018.10.14-20.36.12:353][  0]LogTemp: Display: Loaded TP WindowsNoEditorTargetPlatform
[2018.10.14-20.36.12:434][  0]LogTemp: Display: Loaded TP WindowsServerTargetPlatform
[2018.10.14-20.36.12:466][  0]LogTemp: Display: Loaded TP WindowsTargetPlatform
[2018.10.14-20.36.12:689][  0]LogTemp: Display: Loaded TP AndroidTargetPlatform
[2018.10.14-20.36.12:689][  0]LogTemp: Display: Loaded TP AndroidTargetPlatform
[2018.10.14-20.36.12:689][  0]LogTemp: Display: Loaded TP AndroidTargetPlatform
[2018.10.14-20.36.12:689][  0]LogTemp: Display: Loaded TP AndroidTargetPlatform
[2018.10.14-20.36.12:689][  0]LogTemp: Display: Loaded TP AndroidTargetPlatform
[2018.10.14-20.36.12:689][  0]LogTemp: Display: Loaded TP AndroidTargetPlatform
[2018.10.14-20.36.12:689][  0]LogTemp: Display: Loaded TP AndroidTargetPlatform
[2018.10.14-20.36.12:689][  0]LogTemp: Display: Loaded TP AndroidTargetPlatform
[2018.10.14-20.36.12:689][  0]LogTemp: Display: Loaded TP AndroidTargetPlatform
[2018.10.14-20.36.12:689][  0]LogTemp: Display: Loaded TP AndroidTargetPlatform
[2018.10.14-20.36.12:689][  0]LogTemp: Display: Loaded TP AndroidTargetPlatform
[2018.10.14-20.36.12:689][  0]LogTemp: Display: Loaded TP AndroidTargetPlatform
[2018.10.14-20.36.12:689][  0]LogTemp: Display: Loaded TP AndroidTargetPlatform
[2018.10.14-20.36.12:689][  0]LogTemp: Display: Loaded TP AndroidTargetPlatform
[2018.10.14-20.36.12:689][  0]LogTemp: Display: Loaded TP AndroidTargetPlatform
[2018.10.14-20.36.12:689][  0]LogTemp: Display: Loaded TP AndroidTargetPlatform
[2018.10.14-20.36.12:689][  0]LogTemp: Display: Loaded TP AndroidTargetPlatform
[2018.10.14-20.36.12:689][  0]LogTemp: Display: Loaded TP AndroidTargetPlatform
[2018.10.14-20.36.12:720][  0]LogTemp: Display: Loaded TP HTML5TargetPlatform
[2018.10.14-20.36.12:944][  0]LogTemp: Display: Loaded TP IOSTargetPlatform
[2018.10.14-20.36.12:944][  0]LogTemp: Display: Loaded TP IOSTargetPlatform
[2018.10.14-20.36.13:048][  0]LogTemp: Display: Loaded TP TVOSTargetPlatform
[2018.10.14-20.36.13:048][  0]LogTemp: Display: Loaded TP TVOSTargetPlatform
[2018.10.14-20.36.13:082][  0]LogTemp: Display: Loaded TP LinuxClientTargetPlatform
[2018.10.14-20.36.13:113][  0]LogTemp: Display: Loaded TP LinuxNoEditorTargetPlatform
[2018.10.14-20.36.13:172][  0]LogTemp: Display: Loaded TP LinuxServerTargetPlatform
[2018.10.14-20.36.13:235][  0]LogTemp: Display: Loaded TP LinuxTargetPlatform
[2018.10.14-20.36.13:272][  0]LogTemp: Display: Loaded TP LuminTargetPlatform
[2018.10.14-20.36.13:272][  0]LogTargetPlatformManager: Display: Building Assets For Windows
[2018.10.14-20.36.14:169][  0]LogXGEController: Cannot use XGE Controller as Incredibuild is not installed on this machine.
[2018.10.14-20.36.14:170][  0]LogShaderCompilers: Cannot use XGE Shader Compiler as Incredibuild is not installed on this machine.
[2018.10.14-20.36.14:170][  0]LogShaderCompilers: Display: Using Local Shader Compiler.
[2018.10.14-20.36.18:617][  0]LogDerivedDataCache: Display: Max Cache Size: 512 MB
[2018.10.14-20.36.19:525][  0]LogDerivedDataCache: Loaded boot cache 0.89s 71MB C:/Users/Ethan/AppData/Local/UnrealEngine/4.20/DerivedDataCache/Boot.ddc.
[2018.10.14-20.36.19:527][  0]LogDerivedDataCache: Display: Loaded Boot cache: C:/Users/Ethan/AppData/Local/UnrealEngine/4.20/DerivedDataCache/Boot.ddc
[2018.10.14-20.36.19:527][  0]LogDerivedDataCache: FDerivedDataBackendGraph:  Pak pak cache file ../../../../../../Users/Ethan/Documents/RPGGame/RPGGame/A2DGame/DerivedDataCache/DDC.ddp not found, will not use a pak cache.
[2018.10.14-20.36.19:527][  0]LogDerivedDataCache: Unable to find inner node Pak for hierarchical cache Hierarchy.
[2018.10.14-20.36.19:527][  0]LogDerivedDataCache: FDerivedDataBackendGraph:  CompressedPak pak cache file ../../../../../../Users/Ethan/Documents/RPGGame/RPGGame/A2DGame/DerivedDataCache/Compressed.ddp not found, will not use a pak cache.
[2018.10.14-20.36.19:527][  0]LogDerivedDataCache: Unable to find inner node CompressedPak for hierarchical cache Hierarchy.
[2018.10.14-20.36.19:627][  0]LogDerivedDataCache: Display: Pak cache opened for reading ../../../Engine/DerivedDataCache/Compressed.ddp.
[2018.10.14-20.36.19:643][  0]LogDerivedDataCache: Using Local data cache path C:/Users/Ethan/AppData/Local/UnrealEngine/Common/DerivedDataCache: Writable
[2018.10.14-20.36.19:643][  0]LogDerivedDataCache: Shared data cache path not found in *engine.ini, will not use an Shared cache.
[2018.10.14-20.36.19:643][  0]LogDerivedDataCache: Unable to find inner node Shared for hierarchical cache Hierarchy.
[2018.10.14-20.36.19:680][  0]LogMaterial: Verifying Global Shaders for PCD3D_SM5
[2018.10.14-20.36.19:682][  0]LogSlate: Using FreeType 2.6.0
[2018.10.14-20.36.19:754][  0]LogSlate: SlateFontServices - WITH_FREETYPE: 1, WITH_HARFBUZZ: 1
[2018.10.14-20.36.22:841][  0]LogAssetRegistry: FAssetRegistry took 0.0314 seconds to start up
[2018.10.14-20.36.24:272][  0]LogInit: Selected Device Profile: [Windows]
[2018.10.14-20.36.25:163][  0]LogSimplygon: Simplygon DLL not present - disabling.
[2018.10.14-20.36.25:352][  0]LogMeshReduction: Using SimplygonSwarm for distributed automatic mesh merging
[2018.10.14-20.36.25:353][  0]LogMeshReduction: Using ProxyLODMeshReduction for automatic mesh merging
[2018.10.14-20.36.25:353][  0]LogMeshReduction: Using QuadricMeshReduction for automatic static mesh reduction
[2018.10.14-20.36.25:353][  0]LogMeshReduction: No automatic skeletal mesh reduction module available
[2018.10.14-20.36.25:687][  0]LogNetVersion: A2DGame 1.0.0, NetCL: 4212847, EngineNetVer: 5, GameNetVer: 0 (Checksum: 246792960)
[2018.10.14-20.36.28:566][  0]LogPackageLocalizationCache: Processed 11 localized package path(s) for 2 prioritized culture(s) in 0.366615 seconds
[2018.10.14-20.36.28:575][  0]LogUObjectArray: 38425 objects as part of root set at end of initial load.
[2018.10.14-20.36.28:575][  0]LogUObjectAllocator: 6690872 out of 0 bytes used by permanent object pool.
[2018.10.14-20.36.28:575][  0]LogUObjectArray: CloseDisregardForGC: 0/0 objects in disregard for GC pool
[2018.10.14-20.37.08:478][  0]LogTcpMessaging: Initializing TcpMessaging bridge
[2018.10.14-20.37.08:533][  0]LogUdpMessaging: Initializing bridge on interface 0.0.0.0:0 to multicast group 230.0.0.1:6666.
[2018.10.14-20.37.10:007][  0]SourceControl: Source control is disabled
[2018.10.14-20.37.10:007][  0]SourceControl: Source control is disabled
[2018.10.14-20.37.10:121][  0]SourceControl: Source control is disabled
[2018.10.14-20.37.10:153][  0]SourceControl: Source control is disabled
[2018.10.14-20.37.12:668][  0]LogAndroidPermission: UAndroidPermissionCallbackProxy::GetInstance
[2018.10.14-20.37.13:282][  0]LogOcInput: OculusInput pre-init called
[2018.10.14-20.37.13:750][  0]LogEngine: Initializing Engine...
[2018.10.14-20.37.13:751][  0]LogHMD: Failed to initialize OpenVR with code 110
[2018.10.14-20.37.13:753][  0]LogStats: UGameplayTagsManager::ConstructGameplayTagTree: ImportINI prefixes -  0.000 s
[2018.10.14-20.37.13:753][  0]LogStats: UGameplayTagsManager::ConstructGameplayTagTree: Construct from data asset -  0.000 s
[2018.10.14-20.37.13:768][  0]LogStats: UGameplayTagsManager::ConstructGameplayTagTree: ImportINI -  0.000 s
[2018.10.14-20.37.13:768][  0]LogStats: UGameplayTagsManager::ConstructGameplayTagTree: GameplayTagTreeChangedEvent.Broadcast -  0.000 s
[2018.10.14-20.37.14:437][  0]LogInit: Initializing FReadOnlyCVARCache
[2018.10.14-20.37.14:694][  0]LogAIModule: Creating AISystem for world Untitled
[2018.10.14-20.37.14:823][  0]LogInit: XAudio2 using 'Speakers (Realtek High Definition Audio)' : 2 channels at 48 kHz using 32 bits per sample (channel mask 0x3)
[2018.10.14-20.37.16:469][  0]LogInit: FAudioDevice initialized.
[2018.10.14-20.37.16:470][  0]LogNetVersion: Set ProjectVersion to 1.0.0.0. Version Checksum will be recalculated on next use.
[2018.10.14-20.37.17:154][  0]LogDerivedDataCache: Saved boot cache 0.68s 71MB C:/Users/Ethan/AppData/Local/UnrealEngine/4.20/DerivedDataCache/Boot.ddc.
[2018.10.14-20.37.17:190][  0]LogInit: Texture streaming: Enabled
[2018.10.14-20.37.17:425][  0]LogEngineSessionManager: EngineSessionManager initialized
[2018.10.14-20.37.17:640][  0]LogInit: Transaction tracking system initialized
[2018.10.14-20.37.17:954][  0]BlueprintLog: New page: Editor Load
[2018.10.14-20.37.19:893][  0]LocalizationService: Localization service is disabled
[2018.10.14-20.37.23:402][  0]LogFileCache: Scanning file cache for directory 'C:/Users/Ethan/Documents/RPGGame/RPGGame/A2DGame/Content/' took 0.08s
[2018.10.14-20.37.23:402][  0]LogCook: Display: Max memory allowance for cook 16384mb min free memory 0mb
[2018.10.14-20.37.23:402][  0]LogCook: Display: Mobile HDR setting 1
[2018.10.14-20.37.23:427][  0]LogGameplayTags: Display: UGameplayTagsManager::DoneAddingNativeTags. DelegateIsBound: 0
[2018.10.14-20.37.23:428][  0]LogStats: UGameplayTagsManager::ConstructGameplayTagTree: ImportINI prefixes -  0.000 s
[2018.10.14-20.37.23:428][  0]LogStats: UGameplayTagsManager::ConstructGameplayTagTree: Construct from data asset -  0.000 s
[2018.10.14-20.37.23:428][  0]LogStats: UGameplayTagsManager::ConstructGameplayTagTree: ImportINI -  0.000 s
[2018.10.14-20.37.23:428][  0]LogStats: UGameplayTagsManager::ConstructGameplayTagTree: GameplayTagTreeChangedEvent.Broadcast -  0.000 s
[2018.10.14-20.37.26:265][  0]SourceControl: Source control is disabled
[2018.10.14-20.37.26:266][  0]Cmd: MAP LOAD FILE="../../../../../../Users/Ethan/Documents/RPGGame/RPGGame/A2DGame/Content/StarterContent/Maps/Minimal_Default.umap" TEMPLATE=0 SHOWPROGRESS=1 FEATURELEVEL=3
[2018.10.14-20.37.26:341][  0]LightingResults: New page: Lighting Build
[2018.10.14-20.37.26:432][  0]MapCheck: New page: Map Check
[2018.10.14-20.37.26:432][  0]LightingResults: New page: Lighting Build
[2018.10.14-20.37.30:008][  0]LogAIModule: Creating AISystem for world Minimal_Default
[2018.10.14-20.37.30:316][  0]LogEditorServer: Finished looking for orphan Actors (0.000 secs)
[2018.10.14-20.37.30:459][  0]Cmd: MAP CHECKDEP NOCLEARLOG
[2018.10.14-20.37.30:568][  0]MapCheck: Map check complete: 0 Error(s), 0 Warning(s), took 109.892ms to complete.
[2018.10.14-20.37.30:568][  0]LogFileHelpers: Loading map 'Minimal_Default' took 4.303
[2018.10.14-20.37.32:617][  0]LogSlate: Updating window title bar state: overlay mode, drag disabled, window buttons hidden, title bar hidden
[2018.10.14-20.37.32:671][  0]LogSlate: Updating window title bar state: overlay mode, drag disabled, window buttons hidden, title bar hidden
[2018.10.14-20.37.32:687][  0]LogSlate: Updating window title bar state: overlay mode, drag disabled, window buttons hidden, title bar hidden
[2018.10.14-20.37.32:700][  0]LogSlate: Updating window title bar state: overlay mode, drag disabled, window buttons hidden, title bar hidden
[2018.10.14-20.37.32:916][  0]LogCollectionManager: Loaded 0 collections in 0.006225 seconds
[2018.10.14-20.37.33:227][  0]LogFileCache: Scanning file cache for directory 'C:/Users/Ethan/Documents/RPGGame/RPGGame/A2DGame/Saved/Collections/' took 0.01s
[2018.10.14-20.37.33:227][  0]LogFileCache: Scanning file cache for directory 'C:/Users/Ethan/Documents/RPGGame/RPGGame/A2DGame/Content/Developers/Ethan/Collections/' took 0.01s
[2018.10.14-20.37.33:227][  0]LogFileCache: Scanning file cache for directory 'C:/Users/Ethan/Documents/RPGGame/RPGGame/A2DGame/Content/Collections/' took 0.01s
[2018.10.14-20.37.33:227][  0]LogCollectionManager: Rebuilt the GUID cache for 0 collections in 0.000001 seconds
[2018.10.14-20.37.33:261][  0]LogContentBrowser: Native class hierarchy populated in 0.0177 seconds. Added 2572 classes and 603 folders.
[2018.10.14-20.37.33:504][  0]LogContentBrowser: Native class hierarchy updated for 'WidgetCarousel' in 0.0009 seconds. Added 0 classes and 0 folders.
[2018.10.14-20.37.35:845][  0]LogContentBrowser: Native class hierarchy updated for 'AddContentDialog' in 0.0008 seconds. Added 0 classes and 0 folders.
[2018.10.14-20.37.35:969][  0]LogContentBrowser: Native class hierarchy updated for 'SceneOutliner' in 0.0005 seconds. Added 1 classes and 2 folders.
[2018.10.14-20.37.37:244][  0]LogSlate: Took 0.057808 seconds to synchronously load lazily loaded font '../../../Engine/Content/Slate/Fonts/Roboto-Regular.ttf' (155K)
[2018.10.14-20.37.37:289][  0]LogSlate: Took 0.041678 seconds to synchronously load lazily loaded font '../../../Engine/Content/Slate/Fonts/Roboto-Bold.ttf' (160K)
[2018.10.14-20.37.37:471][  0]LogSlate: Took 0.075300 seconds to synchronously load lazily loaded font '../../../Engine/Content/Editor/Slate/Fonts/FontAwesome.ttf' (139K)
[2018.10.14-20.37.38:964][  0]LogRenderer: Reallocating scene render targets to support 856x372 Format 10 NumSamples 1 (Frame:1).
[2018.10.14-20.37.41:698][  0]LogContentBrowser: Native class hierarchy updated for 'HierarchicalLODOutliner' in 0.0011 seconds. Added 0 classes and 0 folders.
[2018.10.14-20.37.41:698][  0]LogLoad: (Engine Initialization) Total time: 138.86 seconds
[2018.10.14-20.37.41:698][  0]LogLoad: (Engine Initialization) Total Blueprint compile time: 0.00 seconds
[2018.10.14-20.37.42:916][  0]LogContentStreaming: Texture pool size now 1000 MB
[2018.10.14-20.37.43:992][  1]LogSlate: Took 0.029230 seconds to synchronously load lazily loaded font '../../../Engine/Content/Slate/Fonts/Roboto-Light.ttf' (167K)
[2018.10.14-20.37.44:510][  4]LogAssetRegistry: Asset discovery search completed in 81.6909 seconds
[2018.10.14-20.37.44:545][  4]LogCollectionManager: Rebuilt the object cache for 0 collections in 0.000000 seconds (found 0 objects)
[2018.10.14-20.37.44:545][  4]LogCollectionManager: Fixed up redirectors for 0 collections in 0.000094 seconds (updated 0 objects)
[2018.10.14-20.38.55:810][266]LogSlate: FSceneViewport::OnFocusLost() reason 0
[2018.10.14-20.38.56:121][271]LogSlate: Took 0.025618 seconds to synchronously load lazily loaded font '../../../Engine/Content/Slate/Fonts/Roboto-Light.ttf' (167K)
[2018.10.14-20.38.56:542][271]LogLinker: Warning: The file '../../../../../../Users/Ethan/Documents/RPGGame/RPGGame/A2DGame/Content/PlayerFlip.uasset' contains unrecognizable data, check that it is of the expected type.
[2018.10.14-20.38.56:544][271]LogLinker: Warning: The file '../../../../../../Users/Ethan/Documents/RPGGame/RPGGame/A2DGame/Content/PlayerFlip.uasset' contains unrecognizable data, check that it is of the expected type.
[2018.10.14-20.38.56:548][271]LogLinker: Warning: The file '../../../../../../Users/Ethan/Documents/RPGGame/RPGGame/A2DGame/Content/PlayerFlip.uasset' contains unrecognizable data, check that it is of the expected type.
[2018.10.14-20.38.56:549][271]LogLinker: Warning: The file '../../../../../../Users/Ethan/Documents/RPGGame/RPGGame/A2DGame/Content/PlayerFlip.uasset' contains unrecognizable data, check that it is of the expected type.
[2018.10.14-20.38.56:620][271]LogLinker: Warning: The file '../../../../../../Users/Ethan/Documents/RPGGame/RPGGame/A2DGame/Content/PlayerFlip.uasset' contains unrecognizable data, check that it is of the expected type.
[2018.10.14-20.38.56:622][271]LogLinker: Warning: The file '../../../../../../Users/Ethan/Documents/RPGGame/RPGGame/A2DGame/Content/PlayerFlip.uasset' contains unrecognizable data, check that it is of the expected type.
[2018.10.14-20.38.56:624][271]LogLinker: Warning: The file '../../../../../../Users/Ethan/Documents/RPGGame/RPGGame/A2DGame/Content/PlayerFlip.uasset' contains unrecognizable data, check that it is of the expected type.
[2018.10.14-20.38.56:625][271]LogLinker: Warning: The file '../../../../../../Users/Ethan/Documents/RPGGame/RPGGame/A2DGame/Content/PlayerFlip.uasset' contains unrecognizable data, check that it is of the expected type.
[2018.10.14-20.38.56:679][271]LogLinker: Warning: The file '../../../../../../Users/Ethan/Documents/RPGGame/RPGGame/A2DGame/Content/PlayerFlip.uasset' contains unrecognizable data, check that it is of the expected type.
[2018.10.14-20.38.56:681][271]LogLinker: Warning: The file '../../../../../../Users/Ethan/Documents/RPGGame/RPGGame/A2DGame/Content/PlayerFlip.uasset' contains unrecognizable data, check that it is of the expected type.
[2018.10.14-20.38.57:299][271]LogLinker: Warning: The file '../../../../../../Users/Ethan/Documents/RPGGame/RPGGame/A2DGame/Content/Chars_Sprite_4.uasset' contains unrecognizable data, check that it is of the expected type.
[2018.10.14-20.38.57:300][271]LogLinker: Warning: The file '../../../../../../Users/Ethan/Documents/RPGGame/RPGGame/A2DGame/Content/Chars_Sprite_4.uasset' contains unrecognizable data, check that it is of the expected type.
[2018.10.14-20.38.57:301][271]LogLinker: Warning: The file '../../../../../../Users/Ethan/Documents/RPGGame/RPGGame/A2DGame/Content/Chars_Sprite_4.uasset' contains unrecognizable data, check that it is of the expected type.
[2018.10.14-20.38.57:302][271]LogLinker: Warning: The file '../../../../../../Users/Ethan/Documents/RPGGame/RPGGame/A2DGame/Content/Chars_Sprite_4.uasset' contains unrecognizable data, check that it is of the expected type.
[2018.10.14-20.38.57:306][271]LogLinker: Warning: The file '../../../../../../Users/Ethan/Documents/RPGGame/RPGGame/A2DGame/Content/Chars_Sprite_4.uasset' contains unrecognizable data, check that it is of the expected type.
[2018.10.14-20.38.57:306][271]LogLinker: Warning: The file '../../../../../../Users/Ethan/Documents/RPGGame/RPGGame/A2DGame/Content/Chars_Sprite_4.uasset' contains unrecognizable data, check that it is of the expected type.
[2018.10.14-20.38.57:373][271]LogAIModule: Creating AISystem for world AHHHHH
[2018.10.14-20.38.57:601][271]LogAssetEditorManager: Opening Asset editor for World /Game/AHHHHH.AHHHHH
[2018.10.14-20.38.59:616][271]Cmd: MAP LOAD FILE="../../../../../../Users/Ethan/Documents/RPGGame/RPGGame/A2DGame/Content/AHHHHH.umap" TEMPLATE=0 SHOWPROGRESS=1 FEATURELEVEL=3
[2018.10.14-20.38.59:618][271]LightingResults: New page: Lighting Build
[2018.10.14-20.38.59:619][271]LoadErrors: New page: Loading map: AHHHHH.umap
[2018.10.14-20.38.59:954][271]MapCheck: New page: Map Check
[2018.10.14-20.38.59:955][271]LightingResults: New page: Lighting Build
[2018.10.14-20.39.01:078][271]LogEditorServer: Finished looking for orphan Actors (0.000 secs)
[2018.10.14-20.39.01:485][271]Cmd: MAP CHECKDEP NOCLEARLOG
[2018.10.14-20.39.01:657][271]MapCheck: Map check complete: 0 Error(s), 0 Warning(s), took 172.871ms to complete.
[2018.10.14-20.39.01:658][271]LogFileHelpers: Loading map 'AHHHHH' took 3.464
[2018.10.14-20.39.19:663][867]LogEditorViewport: Clicking on Actor (LMB): PlayerStart (PlayerStart)
[2018.10.14-20.39.22:357][889]LogSlate: FSceneViewport::OnFocusLost() reason 0
